<?xml version="1.0" encoding="UTF-8"?>
<!-- Generated by org.testng.reporters.JUnitReportReporter -->
<testsuite hostname="IN-L2439" name="com.page500.assignment.runner.LoginTestRunner" tests="1" failures="0" timestamp="17 Nov 2020 15:25:55 GMT" time="28.107" errors="0">
  <testcase name="feature" time="28.107" classname="com.page500.assignment.runner.LoginTestRunner"/>
</testsuite> <!-- com.page500.assignment.runner.LoginTestRunner -->
